<?xml version="1.0" encoding="UTF-8"?>
<testng-results ignored="0" total="1" passed="1" failed="0" skipped="0">
  <reporter-output>
  </reporter-output>
  <suite started-at="2022-09-05T21:31:04 IST" name="Default suite" finished-at="2022-09-05T21:31:25 IST" duration-ms="20200">
    <groups>
    </groups>
    <test started-at="2022-09-05T21:31:04 IST" name="Default test" finished-at="2022-09-05T21:31:25 IST" duration-ms="20200">
      <class name="driverForGeneric.Launch">
        <test-method is-config="true" signature="beforeMethod()[pri:0, instance:driverForGeneric.Launch@409bf450]" started-at="2022-09-05T21:31:04 IST" name="beforeMethod" finished-at="2022-09-05T21:31:18 IST" duration-ms="13516" status="PASS">
          <reporter-output>
          </reporter-output>
        </test-method> <!-- beforeMethod -->
        <test-method signature="test()[pri:0, instance:driverForGeneric.Launch@409bf450]" started-at="2022-09-05T21:31:18 IST" name="test" finished-at="2022-09-05T21:31:19 IST" duration-ms="1524" status="PASS">
          <reporter-output>
          </reporter-output>
        </test-method> <!-- test -->
        <test-method is-config="true" signature="afterMethod()[pri:0, instance:driverForGeneric.Launch@409bf450]" started-at="2022-09-05T21:31:19 IST" name="afterMethod" finished-at="2022-09-05T21:31:25 IST" duration-ms="5111" status="PASS">
          <reporter-output>
          </reporter-output>
        </test-method> <!-- afterMethod -->
      </class> <!-- driverForGeneric.Launch -->
    </test> <!-- Default test -->
  </suite> <!-- Default suite -->
</testng-results>
